

=== Process start 2025-11-18 11:19:48.145351 ===

>>> VIDEO 1/73: 5MgxCUTD9I4 | [CS114 - Chương 4] Vector hóa (Phần 2)
⏭ Skipped (exists)

>>> VIDEO 2/73: 7IdTMLLCPxw | [CS114 - Chương 4] Vector hóa (Phần 1)
⏭ Skipped (exists)

>>> VIDEO 3/73: rVJXIPI3laA | [CS114 - Chương 4] Câu hỏi thảo luận 6
⏭ Skipped (exists)

>>> VIDEO 4/73: _BDeNgLzVtI | [CS114 - Chương 4] Câu hỏi thảo luận 5
⏭ Skipped (exists)

>>> VIDEO 5/73: 8KfV0kYAUxk | [CS114 - Chương 4] Câu hỏi thảo luận 4 (Phần 2)
⏭ Skipped (exists)

>>> VIDEO 6/73: XRseUdxehgo | [CS114 - Chương 4] Câu hỏi thảo luận 4 (Phần 1)
⏭ Skipped (exists)

>>> VIDEO 7/73: IReTdn_z-es | [CS114 - Chương 4] Câu hỏi thảo luận 3
⏭ Skipped (exists)

>>> VIDEO 8/73: 9Iv6TuyWU5g | [CS114 - Chương 4] Câu hỏi thảo luận 2 (Phần 2)
⏭ Skipped (exists)

>>> VIDEO 9/73: EarBLLqMgLg | [CS114 - Chương 4] Câu hỏi thảo luận 2 (Phần 1)
⏭ Skipped (exists)

>>> VIDEO 10/73: m_jt8-LpwLs | [CS114 - Chương 4] Câu hỏi thảo luận 1
⏭ Skipped (exists)

>>> VIDEO 11/73: Sp6gOu7BFpo | [CS114 - Chương 4] Mô phỏng (Phần 2)
⏭ Skipped (exists)

>>> VIDEO 12/73: d208XcqDgDI | [CS114 - Chương 4] Mô phỏng (Phần 1)
⏭ Skipped (exists)

>>> VIDEO 13/73: oxjqoqQ79O4 | [CS114 - Chương 4] Mô hình phân lớp
⏭ Skipped (exists)

>>> VIDEO 14/73: qFLltTMPxvU | [CS114 - Chương 3] Hồi quy đa biến (Phần 3)
⏭ Skipped (exists)

>>> VIDEO 15/73: XdW4AEPxahk | [CS114 - Chương 3] Hồi quy đa biến (Phần 2)
⏭ Skipped (exists)

>>> VIDEO 16/73: uyUMxrFwKCE | [CS114 - Chương 3] Hồi quy đa biến (Phần 1)
⏭ Skipped (exists)

>>> VIDEO 17/73: abEjEZwTp2o | [CS114 - Chương 3] Câu hỏi thảo luận (Phần 4)
⏭ Skipped (exists)

>>> VIDEO 18/73: TXPLlYL6Dms | [CS114 - Chương 3] Câu hỏi thảo luận (Phần 3)
⏭ Skipped (exists)

>>> VIDEO 19/73: I2JXWweJm0g | [CS114 - Chương 3] Câu hỏi thảo luận (Phần 2)
⏭ Skipped (exists)

>>> VIDEO 20/73: NCSIAbS9gWs | [CS114 - Chương 3] Câu hỏi thảo luận (Phần 1)
⏭ Skipped (exists)

>>> VIDEO 21/73: CB_v2ZxAyKw | [CS114 - Chương 3] Minh họa Feature Engineering (Phần 2)
⏭ Skipped (exists)

>>> VIDEO 22/73: _nPettH0cXg | [CS114 - Chương 3] Minh họa Feature Engineering (Phần 1)
⏭ Skipped (exists)

>>> VIDEO 23/73: F_EdKKp8Rb4 | [CS114 - Chương 3] Feature Engineering
⏭ Skipped (exists)

>>> VIDEO 24/73: m2XJJvGxll8 | [CS114 - Chương 3] Feature Scaling
⏭ Skipped (exists)

>>> VIDEO 25/73: JqHpAp-xdu0 | [CS114 - Chương 3] Mô phỏng
✓ API transcript OK

>>> VIDEO 26/73: wBAm3lczqXs | [CS114 - Chương 3] Mô hình hồi quy đơn biến (Phần 3)
✓ API transcript OK

>>> VIDEO 27/73: xptu0eq_CXQ | [CS114 - Chương 3] Mô hình hồi quy đơn biến (Phần 2)
✓ API transcript OK

>>> VIDEO 28/73: fazKT_4josc | [CS114 - Chương 3] Mô hình hồi quy đơn biến (Phần 1)
✓ API transcript OK

>>> VIDEO 29/73: OlCGL3uIcn8 | [CS114 - Tutorial] Unsupervised Learning (Phần 4)
✓ API transcript OK

>>> VIDEO 30/73: 3RrUezdwQ-s | [CS114 - Tutorial] Unsupervised Learning (Phần 3)
✓ API transcript OK

>>> VIDEO 31/73: -wnlmTs1xvc | [CS114 - Tutorial] Unsupervised Learning (Phần 2)
⏭ Skipped (exists)

>>> VIDEO 32/73: TioSSfpy1yA | [CS114 - Tutorial] Unsupervised Learning (Phần 1)
✓ API transcript OK

>>> VIDEO 33/73: NQkR51-HyOg | [CS114 - Tutorial] Neural Network (Phần 2)
✓ API transcript OK

>>> VIDEO 34/73: vqDSl2cle2o | [CS114 - Tutorial] Neural Network (Phần 1)
✓ API transcript OK

>>> VIDEO 35/73: i0v_PbwMiBs | [CS114 - Tutorial] Decision Tree
✓ API transcript OK

>>> VIDEO 36/73: cPenwbVXQGM | [CS114 - Tutorial] Google Colab (Phần 5)
✓ API transcript OK

>>> VIDEO 37/73: 8VA4C-TS2cQ | [CS114 - Tutorial] Google Colab (Phần 4)
✓ API transcript OK

>>> VIDEO 38/73: UPHRxByLZnU | [CS114 - Tutorial] Google Colab (Phần 3)
⏭ Skipped (exists)

>>> VIDEO 39/73: v3ArDvxkL-U | [CS114 - Tutorial] Google Colab (Phần 2)
✓ API transcript OK

>>> VIDEO 40/73: Npf5IvqeXH8 | [CS114 - Tutorial] Google Colab (Phần 1)
✓ API transcript OK

>>> VIDEO 41/73: gK8D6uEJdho | [CS114 - Chương 8] Tổng kết môn học
✓ API transcript OK

>>> VIDEO 42/73: DoXWiAg6UAA | [CS114 - Chương 2] Học máy tự động
✓ API transcript OK

>>> VIDEO 43/73: KJJ6eFW1nV0 | [CS114 - Chương 2] Phân biệt một số loại mô hình học máy
✓ API transcript OK

>>> VIDEO 44/73: BnkbGbLfP3I | [CS114 - Chương 2] Các bước phát triển ứng dụng học máy
✓ API transcript OK

>>> VIDEO 45/73: Wi3K4XkzqTA | [CS114 - Chương 2] Lập trình truyền thống & Học máy (Part 2)
⚠ API failed → Whisper
✓ Whisper transcript OK

>>> VIDEO 46/73: u3GD0b9vCDo | [CS114 - Chương 2] Lập trình truyền thống & Học máy (Part 1)
⚠ API failed → Whisper
✓ Whisper transcript OK

>>> VIDEO 47/73: it7jk54r_N8 | [CS114 - Chương 2] Khái niệm học máy
⚠ API failed → Whisper
✓ Whisper transcript OK

>>> VIDEO 48/73: lAsAS0ChePY | [CS114 - Chương 1] Giới thiệu môn học
⚠ API failed → Whisper
✓ Whisper transcript OK

>>> VIDEO 49/73: wdIjgotVuQM | [CS114 - Chương 8] Neural Network (Part 3)
⚠ API failed → Whisper
✓ Whisper transcript OK

>>> VIDEO 50/73: 40kpU65MMoI | [CS114 - Chương 8] Neural Network (Part 2)
⚠ API failed → Whisper
✓ Whisper transcript OK

>>> VIDEO 51/73: 6spgb9hK5To | [CS114 - Chương 8] Neural Network (Part 1)
⚠ API failed → Whisper
✓ Whisper transcript OK

>>> VIDEO 52/73: mEMcmVX3hwg | [CS114 - Chương 8] SVM (Part 3)
⚠ API failed → Whisper
✓ Whisper transcript OK

>>> VIDEO 53/73: rzKMT_sUg7Q | [CS114 - Chương 8] SVM (Part 2)
⚠ API failed → Whisper
✓ Whisper transcript OK

>>> VIDEO 54/73: OKUHDwcQuJo | [CS114 - Chương 8] SVM (Part 1)
⚠ API failed → Whisper


=== Process start 2025-11-18 13:31:16.674388 ===

>>> VIDEO 1/73: 5MgxCUTD9I4 | [CS114 - Chương 4] Vector hóa (Phần 2)
⏭ Skipped (exists)

>>> VIDEO 2/73: 7IdTMLLCPxw | [CS114 - Chương 4] Vector hóa (Phần 1)
⏭ Skipped (exists)

>>> VIDEO 3/73: rVJXIPI3laA | [CS114 - Chương 4] Câu hỏi thảo luận 6
⏭ Skipped (exists)

>>> VIDEO 4/73: _BDeNgLzVtI | [CS114 - Chương 4] Câu hỏi thảo luận 5
⏭ Skipped (exists)

>>> VIDEO 5/73: 8KfV0kYAUxk | [CS114 - Chương 4] Câu hỏi thảo luận 4 (Phần 2)
⏭ Skipped (exists)

>>> VIDEO 6/73: XRseUdxehgo | [CS114 - Chương 4] Câu hỏi thảo luận 4 (Phần 1)
⏭ Skipped (exists)

>>> VIDEO 7/73: IReTdn_z-es | [CS114 - Chương 4] Câu hỏi thảo luận 3
⏭ Skipped (exists)

>>> VIDEO 8/73: 9Iv6TuyWU5g | [CS114 - Chương 4] Câu hỏi thảo luận 2 (Phần 2)
⏭ Skipped (exists)

>>> VIDEO 9/73: EarBLLqMgLg | [CS114 - Chương 4] Câu hỏi thảo luận 2 (Phần 1)
⏭ Skipped (exists)

>>> VIDEO 10/73: m_jt8-LpwLs | [CS114 - Chương 4] Câu hỏi thảo luận 1
⏭ Skipped (exists)

>>> VIDEO 11/73: Sp6gOu7BFpo | [CS114 - Chương 4] Mô phỏng (Phần 2)
⏭ Skipped (exists)

>>> VIDEO 12/73: d208XcqDgDI | [CS114 - Chương 4] Mô phỏng (Phần 1)
⏭ Skipped (exists)

>>> VIDEO 13/73: oxjqoqQ79O4 | [CS114 - Chương 4] Mô hình phân lớp
⏭ Skipped (exists)

>>> VIDEO 14/73: qFLltTMPxvU | [CS114 - Chương 3] Hồi quy đa biến (Phần 3)
⏭ Skipped (exists)

>>> VIDEO 15/73: XdW4AEPxahk | [CS114 - Chương 3] Hồi quy đa biến (Phần 2)
⏭ Skipped (exists)

>>> VIDEO 16/73: uyUMxrFwKCE | [CS114 - Chương 3] Hồi quy đa biến (Phần 1)
⏭ Skipped (exists)

>>> VIDEO 17/73: abEjEZwTp2o | [CS114 - Chương 3] Câu hỏi thảo luận (Phần 4)
⏭ Skipped (exists)

>>> VIDEO 18/73: TXPLlYL6Dms | [CS114 - Chương 3] Câu hỏi thảo luận (Phần 3)
⏭ Skipped (exists)

>>> VIDEO 19/73: I2JXWweJm0g | [CS114 - Chương 3] Câu hỏi thảo luận (Phần 2)
⏭ Skipped (exists)

>>> VIDEO 20/73: NCSIAbS9gWs | [CS114 - Chương 3] Câu hỏi thảo luận (Phần 1)
⏭ Skipped (exists)

>>> VIDEO 21/73: CB_v2ZxAyKw | [CS114 - Chương 3] Minh họa Feature Engineering (Phần 2)
⏭ Skipped (exists)

>>> VIDEO 22/73: _nPettH0cXg | [CS114 - Chương 3] Minh họa Feature Engineering (Phần 1)
⏭ Skipped (exists)

>>> VIDEO 23/73: F_EdKKp8Rb4 | [CS114 - Chương 3] Feature Engineering
⏭ Skipped (exists)

>>> VIDEO 24/73: m2XJJvGxll8 | [CS114 - Chương 3] Feature Scaling
⏭ Skipped (exists)

>>> VIDEO 25/73: JqHpAp-xdu0 | [CS114 - Chương 3] Mô phỏng
⏭ Skipped (exists)

>>> VIDEO 26/73: wBAm3lczqXs | [CS114 - Chương 3] Mô hình hồi quy đơn biến (Phần 3)
⏭ Skipped (exists)

>>> VIDEO 27/73: xptu0eq_CXQ | [CS114 - Chương 3] Mô hình hồi quy đơn biến (Phần 2)
⏭ Skipped (exists)

>>> VIDEO 28/73: fazKT_4josc | [CS114 - Chương 3] Mô hình hồi quy đơn biến (Phần 1)
⏭ Skipped (exists)

>>> VIDEO 29/73: OlCGL3uIcn8 | [CS114 - Tutorial] Unsupervised Learning (Phần 4)
⏭ Skipped (exists)

>>> VIDEO 30/73: 3RrUezdwQ-s | [CS114 - Tutorial] Unsupervised Learning (Phần 3)
⏭ Skipped (exists)

>>> VIDEO 31/73: -wnlmTs1xvc | [CS114 - Tutorial] Unsupervised Learning (Phần 2)
⏭ Skipped (exists)

>>> VIDEO 32/73: TioSSfpy1yA | [CS114 - Tutorial] Unsupervised Learning (Phần 1)
⏭ Skipped (exists)

>>> VIDEO 33/73: NQkR51-HyOg | [CS114 - Tutorial] Neural Network (Phần 2)
⏭ Skipped (exists)

>>> VIDEO 34/73: vqDSl2cle2o | [CS114 - Tutorial] Neural Network (Phần 1)
⏭ Skipped (exists)

>>> VIDEO 35/73: i0v_PbwMiBs | [CS114 - Tutorial] Decision Tree
⏭ Skipped (exists)

>>> VIDEO 36/73: cPenwbVXQGM | [CS114 - Tutorial] Google Colab (Phần 5)
⏭ Skipped (exists)

>>> VIDEO 37/73: 8VA4C-TS2cQ | [CS114 - Tutorial] Google Colab (Phần 4)
⏭ Skipped (exists)

>>> VIDEO 38/73: UPHRxByLZnU | [CS114 - Tutorial] Google Colab (Phần 3)
⏭ Skipped (exists)

>>> VIDEO 39/73: v3ArDvxkL-U | [CS114 - Tutorial] Google Colab (Phần 2)
⏭ Skipped (exists)

>>> VIDEO 40/73: Npf5IvqeXH8 | [CS114 - Tutorial] Google Colab (Phần 1)
⏭ Skipped (exists)

>>> VIDEO 41/73: gK8D6uEJdho | [CS114 - Chương 8] Tổng kết môn học
⏭ Skipped (exists)

>>> VIDEO 42/73: DoXWiAg6UAA | [CS114 - Chương 2] Học máy tự động
⏭ Skipped (exists)

>>> VIDEO 43/73: KJJ6eFW1nV0 | [CS114 - Chương 2] Phân biệt một số loại mô hình học máy
⏭ Skipped (exists)

>>> VIDEO 44/73: BnkbGbLfP3I | [CS114 - Chương 2] Các bước phát triển ứng dụng học máy
⏭ Skipped (exists)

>>> VIDEO 45/73: Wi3K4XkzqTA | [CS114 - Chương 2] Lập trình truyền thống & Học máy (Part 2)
⏭ Skipped (exists)

>>> VIDEO 46/73: u3GD0b9vCDo | [CS114 - Chương 2] Lập trình truyền thống & Học máy (Part 1)
⏭ Skipped (exists)

>>> VIDEO 47/73: it7jk54r_N8 | [CS114 - Chương 2] Khái niệm học máy
⏭ Skipped (exists)

>>> VIDEO 48/73: lAsAS0ChePY | [CS114 - Chương 1] Giới thiệu môn học
⏭ Skipped (exists)

>>> VIDEO 49/73: wdIjgotVuQM | [CS114 - Chương 8] Neural Network (Part 3)
⏭ Skipped (exists)

>>> VIDEO 50/73: 40kpU65MMoI | [CS114 - Chương 8] Neural Network (Part 2)
⏭ Skipped (exists)

>>> VIDEO 51/73: 6spgb9hK5To | [CS114 - Chương 8] Neural Network (Part 1)
⏭ Skipped (exists)

>>> VIDEO 52/73: mEMcmVX3hwg | [CS114 - Chương 8] SVM (Part 3)
⏭ Skipped (exists)

>>> VIDEO 53/73: rzKMT_sUg7Q | [CS114 - Chương 8] SVM (Part 2)
⏭ Skipped (exists)

>>> VIDEO 54/73: OKUHDwcQuJo | [CS114 - Chương 8] SVM (Part 1)
⚠ API failed → Whisper
✓ Whisper transcript OK

>>> VIDEO 55/73: onVEt5FPeWc | [CS114 - Chương 8] Decision Tree (Part 3)
⚠ API failed → Whisper


=== Process start 2025-11-18 16:16:56.248226 ===

>>> VIDEO 1/73: 5MgxCUTD9I4 | [CS114 - Chương 4] Vector hóa (Phần 2)
⏭ Skipped (exists)

>>> VIDEO 2/73: 7IdTMLLCPxw | [CS114 - Chương 4] Vector hóa (Phần 1)
⏭ Skipped (exists)

>>> VIDEO 3/73: rVJXIPI3laA | [CS114 - Chương 4] Câu hỏi thảo luận 6
⏭ Skipped (exists)

>>> VIDEO 4/73: _BDeNgLzVtI | [CS114 - Chương 4] Câu hỏi thảo luận 5
⏭ Skipped (exists)

>>> VIDEO 5/73: 8KfV0kYAUxk | [CS114 - Chương 4] Câu hỏi thảo luận 4 (Phần 2)
⏭ Skipped (exists)

>>> VIDEO 6/73: XRseUdxehgo | [CS114 - Chương 4] Câu hỏi thảo luận 4 (Phần 1)
⏭ Skipped (exists)

>>> VIDEO 7/73: IReTdn_z-es | [CS114 - Chương 4] Câu hỏi thảo luận 3
⏭ Skipped (exists)

>>> VIDEO 8/73: 9Iv6TuyWU5g | [CS114 - Chương 4] Câu hỏi thảo luận 2 (Phần 2)
⏭ Skipped (exists)

>>> VIDEO 9/73: EarBLLqMgLg | [CS114 - Chương 4] Câu hỏi thảo luận 2 (Phần 1)
⏭ Skipped (exists)

>>> VIDEO 10/73: m_jt8-LpwLs | [CS114 - Chương 4] Câu hỏi thảo luận 1
⏭ Skipped (exists)

>>> VIDEO 11/73: Sp6gOu7BFpo | [CS114 - Chương 4] Mô phỏng (Phần 2)
⏭ Skipped (exists)

>>> VIDEO 12/73: d208XcqDgDI | [CS114 - Chương 4] Mô phỏng (Phần 1)
⏭ Skipped (exists)

>>> VIDEO 13/73: oxjqoqQ79O4 | [CS114 - Chương 4] Mô hình phân lớp
⏭ Skipped (exists)

>>> VIDEO 14/73: qFLltTMPxvU | [CS114 - Chương 3] Hồi quy đa biến (Phần 3)
⏭ Skipped (exists)

>>> VIDEO 15/73: XdW4AEPxahk | [CS114 - Chương 3] Hồi quy đa biến (Phần 2)
⏭ Skipped (exists)

>>> VIDEO 16/73: uyUMxrFwKCE | [CS114 - Chương 3] Hồi quy đa biến (Phần 1)
⏭ Skipped (exists)

>>> VIDEO 17/73: abEjEZwTp2o | [CS114 - Chương 3] Câu hỏi thảo luận (Phần 4)
⏭ Skipped (exists)

>>> VIDEO 18/73: TXPLlYL6Dms | [CS114 - Chương 3] Câu hỏi thảo luận (Phần 3)
⏭ Skipped (exists)

>>> VIDEO 19/73: I2JXWweJm0g | [CS114 - Chương 3] Câu hỏi thảo luận (Phần 2)
⏭ Skipped (exists)

>>> VIDEO 20/73: NCSIAbS9gWs | [CS114 - Chương 3] Câu hỏi thảo luận (Phần 1)
⏭ Skipped (exists)

>>> VIDEO 21/73: CB_v2ZxAyKw | [CS114 - Chương 3] Minh họa Feature Engineering (Phần 2)
⏭ Skipped (exists)

>>> VIDEO 22/73: _nPettH0cXg | [CS114 - Chương 3] Minh họa Feature Engineering (Phần 1)
⏭ Skipped (exists)

>>> VIDEO 23/73: F_EdKKp8Rb4 | [CS114 - Chương 3] Feature Engineering
⏭ Skipped (exists)

>>> VIDEO 24/73: m2XJJvGxll8 | [CS114 - Chương 3] Feature Scaling
⏭ Skipped (exists)

>>> VIDEO 25/73: JqHpAp-xdu0 | [CS114 - Chương 3] Mô phỏng
⏭ Skipped (exists)

>>> VIDEO 26/73: wBAm3lczqXs | [CS114 - Chương 3] Mô hình hồi quy đơn biến (Phần 3)
⏭ Skipped (exists)

>>> VIDEO 27/73: xptu0eq_CXQ | [CS114 - Chương 3] Mô hình hồi quy đơn biến (Phần 2)
⏭ Skipped (exists)

>>> VIDEO 28/73: fazKT_4josc | [CS114 - Chương 3] Mô hình hồi quy đơn biến (Phần 1)
⏭ Skipped (exists)

>>> VIDEO 29/73: OlCGL3uIcn8 | [CS114 - Tutorial] Unsupervised Learning (Phần 4)
⏭ Skipped (exists)

>>> VIDEO 30/73: 3RrUezdwQ-s | [CS114 - Tutorial] Unsupervised Learning (Phần 3)
⏭ Skipped (exists)

>>> VIDEO 31/73: -wnlmTs1xvc | [CS114 - Tutorial] Unsupervised Learning (Phần 2)
⏭ Skipped (exists)

>>> VIDEO 32/73: TioSSfpy1yA | [CS114 - Tutorial] Unsupervised Learning (Phần 1)
⏭ Skipped (exists)

>>> VIDEO 33/73: NQkR51-HyOg | [CS114 - Tutorial] Neural Network (Phần 2)
⏭ Skipped (exists)

>>> VIDEO 34/73: vqDSl2cle2o | [CS114 - Tutorial] Neural Network (Phần 1)
⏭ Skipped (exists)

>>> VIDEO 35/73: i0v_PbwMiBs | [CS114 - Tutorial] Decision Tree
⏭ Skipped (exists)

>>> VIDEO 36/73: cPenwbVXQGM | [CS114 - Tutorial] Google Colab (Phần 5)
⏭ Skipped (exists)

>>> VIDEO 37/73: 8VA4C-TS2cQ | [CS114 - Tutorial] Google Colab (Phần 4)
⏭ Skipped (exists)

>>> VIDEO 38/73: UPHRxByLZnU | [CS114 - Tutorial] Google Colab (Phần 3)
⏭ Skipped (exists)

>>> VIDEO 39/73: v3ArDvxkL-U | [CS114 - Tutorial] Google Colab (Phần 2)
⏭ Skipped (exists)

>>> VIDEO 40/73: Npf5IvqeXH8 | [CS114 - Tutorial] Google Colab (Phần 1)
⏭ Skipped (exists)

>>> VIDEO 41/73: gK8D6uEJdho | [CS114 - Chương 8] Tổng kết môn học
⏭ Skipped (exists)

>>> VIDEO 42/73: DoXWiAg6UAA | [CS114 - Chương 2] Học máy tự động
⏭ Skipped (exists)

>>> VIDEO 43/73: KJJ6eFW1nV0 | [CS114 - Chương 2] Phân biệt một số loại mô hình học máy
⏭ Skipped (exists)

>>> VIDEO 44/73: BnkbGbLfP3I | [CS114 - Chương 2] Các bước phát triển ứng dụng học máy
⏭ Skipped (exists)

>>> VIDEO 45/73: Wi3K4XkzqTA | [CS114 - Chương 2] Lập trình truyền thống & Học máy (Part 2)
⏭ Skipped (exists)

>>> VIDEO 46/73: u3GD0b9vCDo | [CS114 - Chương 2] Lập trình truyền thống & Học máy (Part 1)
⏭ Skipped (exists)

>>> VIDEO 47/73: it7jk54r_N8 | [CS114 - Chương 2] Khái niệm học máy
⏭ Skipped (exists)

>>> VIDEO 48/73: lAsAS0ChePY | [CS114 - Chương 1] Giới thiệu môn học
⏭ Skipped (exists)

>>> VIDEO 49/73: wdIjgotVuQM | [CS114 - Chương 8] Neural Network (Part 3)
⏭ Skipped (exists)

>>> VIDEO 50/73: 40kpU65MMoI | [CS114 - Chương 8] Neural Network (Part 2)
⏭ Skipped (exists)

>>> VIDEO 51/73: 6spgb9hK5To | [CS114 - Chương 8] Neural Network (Part 1)
⏭ Skipped (exists)

>>> VIDEO 52/73: mEMcmVX3hwg | [CS114 - Chương 8] SVM (Part 3)
⏭ Skipped (exists)

>>> VIDEO 53/73: rzKMT_sUg7Q | [CS114 - Chương 8] SVM (Part 2)
⏭ Skipped (exists)

>>> VIDEO 54/73: OKUHDwcQuJo | [CS114 - Chương 8] SVM (Part 1)
⏭ Skipped (exists)

>>> VIDEO 55/73: onVEt5FPeWc | [CS114 - Chương 8] Decision Tree (Part 3)
⏭ Skipped (exists)

>>> VIDEO 56/73: 8b8OKHIktqI | [CS114 - Chương 8] Decision Tree (Part 2)
⏭ Skipped (exists)

>>> VIDEO 57/73: vrLmplmZbLk | [CS114 - Chương 8] Decision Tree (Part 1)
⏭ Skipped (exists)

>>> VIDEO 58/73: tGizMGafWY0 | [CS114 - Chương 7] Học tăng cường - Phần 4
⏭ Skipped (exists)

>>> VIDEO 59/73: 6NcteEkIRBM | [CS114 - Chương 7] Học tăng cường - Phần 3
⏭ Skipped (exists)

>>> VIDEO 60/73: pTsVNxlbtbY | [CS114 - Chương 7] Học tăng cường - Phần 2
⏭ Skipped (exists)

>>> VIDEO 61/73: Ql0n4t39rAU | [CS114 - Chương 7] Học tăng cường - Phần 1
⏭ Skipped (exists)

>>> VIDEO 62/73: DAFPEgXUqSc | [CS114 - Chương 6] Hệ khuyến nghị - Phần 3
⏭ Skipped (exists)

>>> VIDEO 63/73: n8MHFQuTKMU | [CS114 - Chương 6] Hệ khuyến nghị - Phần 2
✓ API transcript OK

>>> VIDEO 64/73: wqjn-IA5iu4 | [CS114 - Chương 6] Hệ khuyến nghị - Phần 1
✓ API transcript OK

>>> VIDEO 65/73: N3ulTwujJH4 | [CS114 - Chương 5] Dimension Reduction - Phần 5
✓ API transcript OK

>>> VIDEO 66/73: b8HuVAc0cb4 | [CS114 - Chương 5] Dimension Reduction - Phần 3
✓ API transcript OK

>>> VIDEO 67/73: SINj0Z-2acc | [CS114 - Chương 5] Dimension Reduction - Phần 4
✓ API transcript OK

>>> VIDEO 68/73: PtsZWpdkPrE | [CS114 - Chương 5] Dimension Reduction - Phần 2
✓ API transcript OK

>>> VIDEO 69/73: RGEA9a14dBs | [CS114 - Chương 5] Dimension Reduction - Phần 1
⚠ API failed → Whisper
❌ Whisper failed: [0;31mERROR:[0m unable to download video data: HTTP Error 403: Forbidden

>>> VIDEO 70/73: 5vs9uLeRy3Q | [CS114 - Chương 5] Cluster - Phần 4
✓ API transcript OK

>>> VIDEO 71/73: o7R9x8C9SSo | [CS114 - Chương 5] Cluster - Phần 3
✓ API transcript OK

>>> VIDEO 72/73: PXfS6tZJIOI | [CS114 - Chương 5] Cluster - Phần 2
✓ API transcript OK

>>> VIDEO 73/73: 9bI07JfvEh8 | [CS114 - Chương 5] Cluster - Phần 1
✓ API transcript OK

=== Done 2025-11-18 16:19:42.268661 | success=72, fail=1 ===


=== Process start 2025-11-18 17:47:24.920964 ===

>>> VIDEO 1/73: 5MgxCUTD9I4 | [CS114 - Chương 4] Vector hóa (Phần 2)
⏭ Skipped (exists)

>>> VIDEO 2/73: 7IdTMLLCPxw | [CS114 - Chương 4] Vector hóa (Phần 1)
⏭ Skipped (exists)

>>> VIDEO 3/73: rVJXIPI3laA | [CS114 - Chương 4] Câu hỏi thảo luận 6
⏭ Skipped (exists)

>>> VIDEO 4/73: _BDeNgLzVtI | [CS114 - Chương 4] Câu hỏi thảo luận 5
⏭ Skipped (exists)

>>> VIDEO 5/73: 8KfV0kYAUxk | [CS114 - Chương 4] Câu hỏi thảo luận 4 (Phần 2)
⏭ Skipped (exists)

>>> VIDEO 6/73: XRseUdxehgo | [CS114 - Chương 4] Câu hỏi thảo luận 4 (Phần 1)
⏭ Skipped (exists)

>>> VIDEO 7/73: IReTdn_z-es | [CS114 - Chương 4] Câu hỏi thảo luận 3
⏭ Skipped (exists)

>>> VIDEO 8/73: 9Iv6TuyWU5g | [CS114 - Chương 4] Câu hỏi thảo luận 2 (Phần 2)
⏭ Skipped (exists)

>>> VIDEO 9/73: EarBLLqMgLg | [CS114 - Chương 4] Câu hỏi thảo luận 2 (Phần 1)
⏭ Skipped (exists)

>>> VIDEO 10/73: m_jt8-LpwLs | [CS114 - Chương 4] Câu hỏi thảo luận 1
⏭ Skipped (exists)

>>> VIDEO 11/73: Sp6gOu7BFpo | [CS114 - Chương 4] Mô phỏng (Phần 2)
⏭ Skipped (exists)

>>> VIDEO 12/73: d208XcqDgDI | [CS114 - Chương 4] Mô phỏng (Phần 1)
⏭ Skipped (exists)

>>> VIDEO 13/73: oxjqoqQ79O4 | [CS114 - Chương 4] Mô hình phân lớp
⏭ Skipped (exists)

>>> VIDEO 14/73: qFLltTMPxvU | [CS114 - Chương 3] Hồi quy đa biến (Phần 3)
⏭ Skipped (exists)

>>> VIDEO 15/73: XdW4AEPxahk | [CS114 - Chương 3] Hồi quy đa biến (Phần 2)
⏭ Skipped (exists)

>>> VIDEO 16/73: uyUMxrFwKCE | [CS114 - Chương 3] Hồi quy đa biến (Phần 1)
⏭ Skipped (exists)

>>> VIDEO 17/73: abEjEZwTp2o | [CS114 - Chương 3] Câu hỏi thảo luận (Phần 4)
⏭ Skipped (exists)

>>> VIDEO 18/73: TXPLlYL6Dms | [CS114 - Chương 3] Câu hỏi thảo luận (Phần 3)
⏭ Skipped (exists)

>>> VIDEO 19/73: I2JXWweJm0g | [CS114 - Chương 3] Câu hỏi thảo luận (Phần 2)
⏭ Skipped (exists)

>>> VIDEO 20/73: NCSIAbS9gWs | [CS114 - Chương 3] Câu hỏi thảo luận (Phần 1)
⏭ Skipped (exists)

>>> VIDEO 21/73: CB_v2ZxAyKw | [CS114 - Chương 3] Minh họa Feature Engineering (Phần 2)
⏭ Skipped (exists)

>>> VIDEO 22/73: _nPettH0cXg | [CS114 - Chương 3] Minh họa Feature Engineering (Phần 1)
⏭ Skipped (exists)

>>> VIDEO 23/73: F_EdKKp8Rb4 | [CS114 - Chương 3] Feature Engineering
⏭ Skipped (exists)

>>> VIDEO 24/73: m2XJJvGxll8 | [CS114 - Chương 3] Feature Scaling
⏭ Skipped (exists)

>>> VIDEO 25/73: JqHpAp-xdu0 | [CS114 - Chương 3] Mô phỏng
⏭ Skipped (exists)

>>> VIDEO 26/73: wBAm3lczqXs | [CS114 - Chương 3] Mô hình hồi quy đơn biến (Phần 3)
⏭ Skipped (exists)

>>> VIDEO 27/73: xptu0eq_CXQ | [CS114 - Chương 3] Mô hình hồi quy đơn biến (Phần 2)
⏭ Skipped (exists)

>>> VIDEO 28/73: fazKT_4josc | [CS114 - Chương 3] Mô hình hồi quy đơn biến (Phần 1)
⏭ Skipped (exists)

>>> VIDEO 29/73: OlCGL3uIcn8 | [CS114 - Tutorial] Unsupervised Learning (Phần 4)
⏭ Skipped (exists)

>>> VIDEO 30/73: 3RrUezdwQ-s | [CS114 - Tutorial] Unsupervised Learning (Phần 3)
⏭ Skipped (exists)

>>> VIDEO 31/73: -wnlmTs1xvc | [CS114 - Tutorial] Unsupervised Learning (Phần 2)
⏭ Skipped (exists)

>>> VIDEO 32/73: TioSSfpy1yA | [CS114 - Tutorial] Unsupervised Learning (Phần 1)
⏭ Skipped (exists)

>>> VIDEO 33/73: NQkR51-HyOg | [CS114 - Tutorial] Neural Network (Phần 2)
⏭ Skipped (exists)

>>> VIDEO 34/73: vqDSl2cle2o | [CS114 - Tutorial] Neural Network (Phần 1)
⏭ Skipped (exists)

>>> VIDEO 35/73: i0v_PbwMiBs | [CS114 - Tutorial] Decision Tree
⏭ Skipped (exists)

>>> VIDEO 36/73: cPenwbVXQGM | [CS114 - Tutorial] Google Colab (Phần 5)
⏭ Skipped (exists)

>>> VIDEO 37/73: 8VA4C-TS2cQ | [CS114 - Tutorial] Google Colab (Phần 4)
⏭ Skipped (exists)

>>> VIDEO 38/73: UPHRxByLZnU | [CS114 - Tutorial] Google Colab (Phần 3)
⏭ Skipped (exists)

>>> VIDEO 39/73: v3ArDvxkL-U | [CS114 - Tutorial] Google Colab (Phần 2)
⏭ Skipped (exists)

>>> VIDEO 40/73: Npf5IvqeXH8 | [CS114 - Tutorial] Google Colab (Phần 1)
⏭ Skipped (exists)

>>> VIDEO 41/73: gK8D6uEJdho | [CS114 - Chương 8] Tổng kết môn học
⏭ Skipped (exists)

>>> VIDEO 42/73: DoXWiAg6UAA | [CS114 - Chương 2] Học máy tự động
⏭ Skipped (exists)

>>> VIDEO 43/73: KJJ6eFW1nV0 | [CS114 - Chương 2] Phân biệt một số loại mô hình học máy
⏭ Skipped (exists)

>>> VIDEO 44/73: BnkbGbLfP3I | [CS114 - Chương 2] Các bước phát triển ứng dụng học máy
⏭ Skipped (exists)

>>> VIDEO 45/73: Wi3K4XkzqTA | [CS114 - Chương 2] Lập trình truyền thống & Học máy (Part 2)
⏭ Skipped (exists)

>>> VIDEO 46/73: u3GD0b9vCDo | [CS114 - Chương 2] Lập trình truyền thống & Học máy (Part 1)
⏭ Skipped (exists)

>>> VIDEO 47/73: it7jk54r_N8 | [CS114 - Chương 2] Khái niệm học máy
⏭ Skipped (exists)

>>> VIDEO 48/73: lAsAS0ChePY | [CS114 - Chương 1] Giới thiệu môn học
⏭ Skipped (exists)

>>> VIDEO 49/73: wdIjgotVuQM | [CS114 - Chương 8] Neural Network (Part 3)
⏭ Skipped (exists)

>>> VIDEO 50/73: 40kpU65MMoI | [CS114 - Chương 8] Neural Network (Part 2)
⏭ Skipped (exists)

>>> VIDEO 51/73: 6spgb9hK5To | [CS114 - Chương 8] Neural Network (Part 1)
⏭ Skipped (exists)

>>> VIDEO 52/73: mEMcmVX3hwg | [CS114 - Chương 8] SVM (Part 3)
⏭ Skipped (exists)

>>> VIDEO 53/73: rzKMT_sUg7Q | [CS114 - Chương 8] SVM (Part 2)
⏭ Skipped (exists)

>>> VIDEO 54/73: OKUHDwcQuJo | [CS114 - Chương 8] SVM (Part 1)
⏭ Skipped (exists)

>>> VIDEO 55/73: onVEt5FPeWc | [CS114 - Chương 8] Decision Tree (Part 3)
⏭ Skipped (exists)

>>> VIDEO 56/73: 8b8OKHIktqI | [CS114 - Chương 8] Decision Tree (Part 2)
⏭ Skipped (exists)

>>> VIDEO 57/73: vrLmplmZbLk | [CS114 - Chương 8] Decision Tree (Part 1)
⏭ Skipped (exists)

>>> VIDEO 58/73: tGizMGafWY0 | [CS114 - Chương 7] Học tăng cường - Phần 4
⏭ Skipped (exists)

>>> VIDEO 59/73: 6NcteEkIRBM | [CS114 - Chương 7] Học tăng cường - Phần 3
⏭ Skipped (exists)

>>> VIDEO 60/73: pTsVNxlbtbY | [CS114 - Chương 7] Học tăng cường - Phần 2
⏭ Skipped (exists)

>>> VIDEO 61/73: Ql0n4t39rAU | [CS114 - Chương 7] Học tăng cường - Phần 1
⏭ Skipped (exists)

>>> VIDEO 62/73: DAFPEgXUqSc | [CS114 - Chương 6] Hệ khuyến nghị - Phần 3
⏭ Skipped (exists)

>>> VIDEO 63/73: n8MHFQuTKMU | [CS114 - Chương 6] Hệ khuyến nghị - Phần 2
⏭ Skipped (exists)

>>> VIDEO 64/73: wqjn-IA5iu4 | [CS114 - Chương 6] Hệ khuyến nghị - Phần 1
⏭ Skipped (exists)

>>> VIDEO 65/73: N3ulTwujJH4 | [CS114 - Chương 5] Dimension Reduction - Phần 5
⏭ Skipped (exists)

>>> VIDEO 66/73: b8HuVAc0cb4 | [CS114 - Chương 5] Dimension Reduction - Phần 3
⏭ Skipped (exists)

>>> VIDEO 67/73: SINj0Z-2acc | [CS114 - Chương 5] Dimension Reduction - Phần 4
⏭ Skipped (exists)

>>> VIDEO 68/73: PtsZWpdkPrE | [CS114 - Chương 5] Dimension Reduction - Phần 2
⏭ Skipped (exists)

>>> VIDEO 69/73: RGEA9a14dBs | [CS114 - Chương 5] Dimension Reduction - Phần 1
⚠ API failed → Whisper
✓ Whisper transcript OK

>>> VIDEO 70/73: 5vs9uLeRy3Q | [CS114 - Chương 5] Cluster - Phần 4
⏭ Skipped (exists)

>>> VIDEO 71/73: o7R9x8C9SSo | [CS114 - Chương 5] Cluster - Phần 3
⏭ Skipped (exists)

>>> VIDEO 72/73: PXfS6tZJIOI | [CS114 - Chương 5] Cluster - Phần 2
⏭ Skipped (exists)

>>> VIDEO 73/73: 9bI07JfvEh8 | [CS114 - Chương 5] Cluster - Phần 1
⏭ Skipped (exists)

=== Done 2025-11-18 17:52:14.967674 | success=73, fail=0 ===


=== Process start 2025-11-21 06:28:03.678616 ===

>>> VIDEO 1/73: 5MgxCUTD9I4 | [CS114 - Chương 4] Vector hóa (Phần 2)
⏭ Skipped (exists)

>>> VIDEO 2/73: 7IdTMLLCPxw | [CS114 - Chương 4] Vector hóa (Phần 1)
⏭ Skipped (exists)

>>> VIDEO 3/73: rVJXIPI3laA | [CS114 - Chương 4] Câu hỏi thảo luận 6
⏭ Skipped (exists)

>>> VIDEO 4/73: _BDeNgLzVtI | [CS114 - Chương 4] Câu hỏi thảo luận 5
⏭ Skipped (exists)

>>> VIDEO 5/73: 8KfV0kYAUxk | [CS114 - Chương 4] Câu hỏi thảo luận 4 (Phần 2)
⏭ Skipped (exists)

>>> VIDEO 6/73: XRseUdxehgo | [CS114 - Chương 4] Câu hỏi thảo luận 4 (Phần 1)
⏭ Skipped (exists)

>>> VIDEO 7/73: IReTdn_z-es | [CS114 - Chương 4] Câu hỏi thảo luận 3
⏭ Skipped (exists)

>>> VIDEO 8/73: 9Iv6TuyWU5g | [CS114 - Chương 4] Câu hỏi thảo luận 2 (Phần 2)
⏭ Skipped (exists)

>>> VIDEO 9/73: EarBLLqMgLg | [CS114 - Chương 4] Câu hỏi thảo luận 2 (Phần 1)
⏭ Skipped (exists)

>>> VIDEO 10/73: m_jt8-LpwLs | [CS114 - Chương 4] Câu hỏi thảo luận 1
⏭ Skipped (exists)

>>> VIDEO 11/73: Sp6gOu7BFpo | [CS114 - Chương 4] Mô phỏng (Phần 2)
⏭ Skipped (exists)

>>> VIDEO 12/73: d208XcqDgDI | [CS114 - Chương 4] Mô phỏng (Phần 1)
⏭ Skipped (exists)

>>> VIDEO 13/73: oxjqoqQ79O4 | [CS114 - Chương 4] Mô hình phân lớp
⏭ Skipped (exists)

>>> VIDEO 14/73: qFLltTMPxvU | [CS114 - Chương 3] Hồi quy đa biến (Phần 3)
⏭ Skipped (exists)

>>> VIDEO 15/73: XdW4AEPxahk | [CS114 - Chương 3] Hồi quy đa biến (Phần 2)
⏭ Skipped (exists)

>>> VIDEO 16/73: uyUMxrFwKCE | [CS114 - Chương 3] Hồi quy đa biến (Phần 1)
⏭ Skipped (exists)

>>> VIDEO 17/73: abEjEZwTp2o | [CS114 - Chương 3] Câu hỏi thảo luận (Phần 4)
⏭ Skipped (exists)

>>> VIDEO 18/73: TXPLlYL6Dms | [CS114 - Chương 3] Câu hỏi thảo luận (Phần 3)
⏭ Skipped (exists)

>>> VIDEO 19/73: I2JXWweJm0g | [CS114 - Chương 3] Câu hỏi thảo luận (Phần 2)
⏭ Skipped (exists)

>>> VIDEO 20/73: NCSIAbS9gWs | [CS114 - Chương 3] Câu hỏi thảo luận (Phần 1)
⏭ Skipped (exists)

>>> VIDEO 21/73: CB_v2ZxAyKw | [CS114 - Chương 3] Minh họa Feature Engineering (Phần 2)
⏭ Skipped (exists)

>>> VIDEO 22/73: _nPettH0cXg | [CS114 - Chương 3] Minh họa Feature Engineering (Phần 1)
⏭ Skipped (exists)

>>> VIDEO 23/73: F_EdKKp8Rb4 | [CS114 - Chương 3] Feature Engineering
⏭ Skipped (exists)

>>> VIDEO 24/73: m2XJJvGxll8 | [CS114 - Chương 3] Feature Scaling
⏭ Skipped (exists)

>>> VIDEO 25/73: JqHpAp-xdu0 | [CS114 - Chương 3] Mô phỏng
⏭ Skipped (exists)

>>> VIDEO 26/73: wBAm3lczqXs | [CS114 - Chương 3] Mô hình hồi quy đơn biến (Phần 3)
⏭ Skipped (exists)

>>> VIDEO 27/73: xptu0eq_CXQ | [CS114 - Chương 3] Mô hình hồi quy đơn biến (Phần 2)
⏭ Skipped (exists)

>>> VIDEO 28/73: fazKT_4josc | [CS114 - Chương 3] Mô hình hồi quy đơn biến (Phần 1)
⏭ Skipped (exists)

>>> VIDEO 29/73: OlCGL3uIcn8 | [CS114 - Tutorial] Unsupervised Learning (Phần 4)
⏭ Skipped (exists)

>>> VIDEO 30/73: 3RrUezdwQ-s | [CS114 - Tutorial] Unsupervised Learning (Phần 3)
⏭ Skipped (exists)

>>> VIDEO 31/73: -wnlmTs1xvc | [CS114 - Tutorial] Unsupervised Learning (Phần 2)
⏭ Skipped (exists)

>>> VIDEO 32/73: TioSSfpy1yA | [CS114 - Tutorial] Unsupervised Learning (Phần 1)
⏭ Skipped (exists)

>>> VIDEO 33/73: NQkR51-HyOg | [CS114 - Tutorial] Neural Network (Phần 2)
⏭ Skipped (exists)

>>> VIDEO 34/73: vqDSl2cle2o | [CS114 - Tutorial] Neural Network (Phần 1)
⏭ Skipped (exists)

>>> VIDEO 35/73: i0v_PbwMiBs | [CS114 - Tutorial] Decision Tree
⏭ Skipped (exists)

>>> VIDEO 36/73: cPenwbVXQGM | [CS114 - Tutorial] Google Colab (Phần 5)
⏭ Skipped (exists)

>>> VIDEO 37/73: 8VA4C-TS2cQ | [CS114 - Tutorial] Google Colab (Phần 4)
⏭ Skipped (exists)

>>> VIDEO 38/73: UPHRxByLZnU | [CS114 - Tutorial] Google Colab (Phần 3)
⏭ Skipped (exists)

>>> VIDEO 39/73: v3ArDvxkL-U | [CS114 - Tutorial] Google Colab (Phần 2)
⏭ Skipped (exists)

>>> VIDEO 40/73: Npf5IvqeXH8 | [CS114 - Tutorial] Google Colab (Phần 1)
⏭ Skipped (exists)

>>> VIDEO 41/73: gK8D6uEJdho | [CS114 - Chương 8] Tổng kết môn học
⏭ Skipped (exists)

>>> VIDEO 42/73: DoXWiAg6UAA | [CS114 - Chương 2] Học máy tự động
⏭ Skipped (exists)

>>> VIDEO 43/73: KJJ6eFW1nV0 | [CS114 - Chương 2] Phân biệt một số loại mô hình học máy
⏭ Skipped (exists)

>>> VIDEO 44/73: BnkbGbLfP3I | [CS114 - Chương 2] Các bước phát triển ứng dụng học máy
⏭ Skipped (exists)

>>> VIDEO 45/73: Wi3K4XkzqTA | [CS114 - Chương 2] Lập trình truyền thống & Học máy (Part 2)
⏭ Skipped (exists)

>>> VIDEO 46/73: u3GD0b9vCDo | [CS114 - Chương 2] Lập trình truyền thống & Học máy (Part 1)
⏭ Skipped (exists)

>>> VIDEO 47/73: it7jk54r_N8 | [CS114 - Chương 2] Khái niệm học máy
⏭ Skipped (exists)

>>> VIDEO 48/73: lAsAS0ChePY | [CS114 - Chương 1] Giới thiệu môn học
⏭ Skipped (exists)

>>> VIDEO 49/73: wdIjgotVuQM | [CS114 - Chương 8] Neural Network (Part 3)
⏭ Skipped (exists)

>>> VIDEO 50/73: 40kpU65MMoI | [CS114 - Chương 8] Neural Network (Part 2)
⏭ Skipped (exists)

>>> VIDEO 51/73: 6spgb9hK5To | [CS114 - Chương 8] Neural Network (Part 1)
⏭ Skipped (exists)

>>> VIDEO 52/73: mEMcmVX3hwg | [CS114 - Chương 8] SVM (Part 3)
⏭ Skipped (exists)

>>> VIDEO 53/73: rzKMT_sUg7Q | [CS114 - Chương 8] SVM (Part 2)
⏭ Skipped (exists)

>>> VIDEO 54/73: OKUHDwcQuJo | [CS114 - Chương 8] SVM (Part 1)
⏭ Skipped (exists)

>>> VIDEO 55/73: onVEt5FPeWc | [CS114 - Chương 8] Decision Tree (Part 3)
⏭ Skipped (exists)

>>> VIDEO 56/73: 8b8OKHIktqI | [CS114 - Chương 8] Decision Tree (Part 2)
⏭ Skipped (exists)

>>> VIDEO 57/73: vrLmplmZbLk | [CS114 - Chương 8] Decision Tree (Part 1)
⏭ Skipped (exists)

>>> VIDEO 58/73: tGizMGafWY0 | [CS114 - Chương 7] Học tăng cường - Phần 4
⏭ Skipped (exists)

>>> VIDEO 59/73: 6NcteEkIRBM | [CS114 - Chương 7] Học tăng cường - Phần 3
⏭ Skipped (exists)

>>> VIDEO 60/73: pTsVNxlbtbY | [CS114 - Chương 7] Học tăng cường - Phần 2
⏭ Skipped (exists)

>>> VIDEO 61/73: Ql0n4t39rAU | [CS114 - Chương 7] Học tăng cường - Phần 1
⏭ Skipped (exists)

>>> VIDEO 62/73: DAFPEgXUqSc | [CS114 - Chương 6] Hệ khuyến nghị - Phần 3
⏭ Skipped (exists)

>>> VIDEO 63/73: n8MHFQuTKMU | [CS114 - Chương 6] Hệ khuyến nghị - Phần 2
⏭ Skipped (exists)

>>> VIDEO 64/73: wqjn-IA5iu4 | [CS114 - Chương 6] Hệ khuyến nghị - Phần 1
⏭ Skipped (exists)

>>> VIDEO 65/73: N3ulTwujJH4 | [CS114 - Chương 5] Dimension Reduction - Phần 5
⏭ Skipped (exists)

>>> VIDEO 66/73: b8HuVAc0cb4 | [CS114 - Chương 5] Dimension Reduction - Phần 3
⏭ Skipped (exists)

>>> VIDEO 67/73: SINj0Z-2acc | [CS114 - Chương 5] Dimension Reduction - Phần 4
⏭ Skipped (exists)

>>> VIDEO 68/73: PtsZWpdkPrE | [CS114 - Chương 5] Dimension Reduction - Phần 2
⏭ Skipped (exists)

>>> VIDEO 69/73: RGEA9a14dBs | [CS114 - Chương 5] Dimension Reduction - Phần 1
⏭ Skipped (exists)

>>> VIDEO 70/73: 5vs9uLeRy3Q | [CS114 - Chương 5] Cluster - Phần 4
⏭ Skipped (exists)

>>> VIDEO 71/73: o7R9x8C9SSo | [CS114 - Chương 5] Cluster - Phần 3
⏭ Skipped (exists)

>>> VIDEO 72/73: PXfS6tZJIOI | [CS114 - Chương 5] Cluster - Phần 2
⏭ Skipped (exists)

>>> VIDEO 73/73: 9bI07JfvEh8 | [CS114 - Chương 5] Cluster - Phần 1
⏭ Skipped (exists)

=== Done 2025-11-21 06:37:47.790162 | success=73, fail=0 ===


=== Process start 2025-12-28 15:21:50.217282 ===

>>> VIDEO 1/73: 5MgxCUTD9I4 | [CS114 - Chương 4] Vector hóa (Phần 2)
⏭ Skipped (exists)

>>> VIDEO 2/73: 7IdTMLLCPxw | [CS114 - Chương 4] Vector hóa (Phần 1)
⏭ Skipped (exists)

>>> VIDEO 3/73: rVJXIPI3laA | [CS114 - Chương 4] Câu hỏi thảo luận 6
⏭ Skipped (exists)

>>> VIDEO 4/73: _BDeNgLzVtI | [CS114 - Chương 4] Câu hỏi thảo luận 5
⏭ Skipped (exists)

>>> VIDEO 5/73: 8KfV0kYAUxk | [CS114 - Chương 4] Câu hỏi thảo luận 4 (Phần 2)
⏭ Skipped (exists)
